<?xml version="1.0" encoding="utf-8"?><testsuites name="pytest tests"><testsuite name="pytest" errors="0" failures="0" skipped="1" tests="152" time="0.336" timestamp="2026-03-19T13:51:57.336172-04:00" hostname="DESKTOP-UF9RFOS"><testcase classname="tests.test_components.TestComponentDependencies" name="test_self_dependencies_satisfied_in_templates" time="0.004" /><testcase classname="tests.test_components.TestComponentDependencies" name="test_keyboard_controls_requires_rigidbody" time="0.001" /><testcase classname="tests.test_components.TestComponentDependencies" name="test_sprite_renderer_handles_missing_rigidbody" time="0.001" /><testcase classname="tests.test_components.TestTemplateComposition" name="test_all_instantiated_templates_have_rigidbody" time="0.001" /><testcase classname="tests.test_components.TestTemplateComposition" name="test_player_has_required_components" time="0.000" /><testcase classname="tests.test_components.TestTemplateComposition" name="test_bouncy_box_has_collision_handler" time="0.001" /><testcase classname="tests.test_components.TestTemplateComposition" name="test_victory_box_has_trigger_handler" time="0.001" /><testcase classname="tests.test_components.TestTemplateComposition" name="test_component_keys_are_sequential" time="0.001" /><testcase classname="tests.test_components.TestEventWiring" name="test_every_published_event_has_subscriber" time="0.001" /><testcase classname="tests.test_components.TestEventWiring" name="test_every_subscribed_event_has_publisher" time="0.001" /><testcase classname="tests.test_components.TestEventWiring" name="test_victory_event_wiring" time="0.001" /><testcase classname="tests.test_components.TestEventWiring" name="test_subscriber_has_callback_method" time="0.001" /><testcase classname="tests.test_components.TestActorFindResolution" name="test_find_calls_match_spawned_actors" time="0.001" /><testcase classname="tests.test_components.TestActorFindResolution" name="test_camera_manager_finds_player" time="0.001" /><testcase classname="tests.test_components.TestPropertyInitialization" name="test_keyboard_controls_defaults" time="0.001" /><testcase classname="tests.test_components.TestPropertyInitialization" name="test_camera_manager_defaults" time="0.000" /><testcase classname="tests.test_components.TestPropertyInitialization" name="test_hud_initial_state" time="0.001" /><testcase classname="tests.test_components.TestPropertyInitialization" name="test_sprite_renderer_defaults" time="0.001" /><testcase classname="tests.test_components.TestPropertyInitialization" name="test_sprite_renderer_has_sprite_default" time="0.001" /><testcase classname="tests.test_components.TestEngineAPIUsage" name="test_all_api_calls_are_registered" time="0.001" /><testcase classname="tests.test_components.TestEngineAPIUsage" name="test_scripts_use_vector2_constructor" time="0.001" /><testcase classname="tests.test_components.TestLifecycleOrdering" name="test_onstart_initializes_before_onupdate_uses" time="0.000" /><testcase classname="tests.test_components.TestLifecycleOrdering" name="test_collision_hooks_have_collision_parameter" time="0.001" /><testcase classname="tests.test_components.TestLifecycleOrdering" name="test_scene_actors_load_before_find_calls" time="0.000" /><testcase classname="tests.test_config.TestGameConfig" name="test_file_exists" time="0.001" /><testcase classname="tests.test_config.TestGameConfig" name="test_valid_json" time="0.001" /><testcase classname="tests.test_config.TestGameConfig" name="test_initial_scene_present" time="0.001" /><testcase classname="tests.test_config.TestGameConfig" name="test_initial_scene_not_empty" time="0.001" /><testcase classname="tests.test_config.TestGameConfig" name="test_initial_scene_file_exists" time="0.000" /><testcase classname="tests.test_config.TestGameConfig" name="test_game_title_is_string_if_present" time="0.001" /><testcase classname="tests.test_config.TestRenderingConfig" name="test_valid_json_if_exists" time="0.001" /><testcase classname="tests.test_config.TestRenderingConfig" name="test_resolution_fields_are_positive_ints[x_resolution]" time="0.001" /><testcase classname="tests.test_config.TestRenderingConfig" name="test_resolution_fields_are_positive_ints[y_resolution]" time="0.001" /><testcase classname="tests.test_config.TestRenderingConfig" name="test_clear_color_channels_in_range[clear_color_r]" time="0.001" /><testcase classname="tests.test_config.TestRenderingConfig" name="test_clear_color_channels_in_range[clear_color_g]" time="0.001" /><testcase classname="tests.test_config.TestRenderingConfig" name="test_clear_color_channels_in_range[clear_color_b]" time="0.001" /><testcase classname="tests.test_config.TestRenderingConfig" name="test_zoom_factor_positive_if_present" time="0.001"><skipped type="pytest.skip" message="zoom_factor not specified">C:\Users\hagen\Desktop\home\youMadeItEngine\game_engine\tests\test_config.py:111: zoom_factor not specified</skipped></testcase><testcase classname="tests.test_config.TestRenderingConfig" name="test_no_unknown_keys" time="0.000" /><testcase classname="tests.test_config.TestTemplates" name="test_templates_directory_exists" time="0.000" /><testcase classname="tests.test_config.TestTemplates" name="test_all_templates_parse_as_json" time="0.002" /><testcase classname="tests.test_config.TestTemplates" name="test_each_template_has_name" time="0.000" /><testcase classname="tests.test_config.TestTemplates" name="test_components_are_keyed_objects" time="0.001" /><testcase classname="tests.test_config.TestTemplateComponentTypes" name="test_component_types_resolvable" time="0.001" /><testcase classname="tests.test_config.TestTemplateRigidbodyProperties" name="test_rigidbody_properties_valid" time="0.001" /><testcase classname="tests.test_config.TestScenes" name="test_scenes_directory_exists" time="0.001" /><testcase classname="tests.test_config.TestScenes" name="test_all_scenes_parse_as_json" time="0.001" /><testcase classname="tests.test_config.TestScenes" name="test_scene_has_actors_array" time="0.001" /><testcase classname="tests.test_config.TestScenes" name="test_scene_actors_have_names" time="0.001" /><testcase classname="tests.test_config.TestScenes" name="test_scene_component_types_resolvable" time="0.001" /><testcase classname="tests.test_config.TestLuaScripts" name="test_scripts_directory_exists" time="0.001" /><testcase classname="tests.test_config.TestLuaScripts" name="test_each_script_defines_matching_table" time="0.001" /><testcase classname="tests.test_config.TestLuaScripts" name="test_lifecycle_hooks_are_functions" time="0.001" /><testcase classname="tests.test_config.TestLuaScripts" name="test_self_parameter_on_lifecycle_hooks" time="0.001" /><testcase classname="tests.test_config.TestReferentialIntegrity" name="test_instantiated_templates_exist" time="0.001" /><testcase classname="tests.test_config.TestReferentialIntegrity" name="test_sprite_images_exist" time="0.001" /><testcase classname="tests.test_config.TestReferentialIntegrity" name="test_no_orphan_templates" time="0.000" /><testcase classname="tests.test_physics.TestAngleConversions" name="test_degrees_to_radians[0-0.0]" time="0.001" /><testcase classname="tests.test_physics.TestAngleConversions" name="test_degrees_to_radians[90-1.5707963267948966]" time="0.001" /><testcase classname="tests.test_physics.TestAngleConversions" name="test_degrees_to_radians[180-3.141592653589793]" time="0.001" /><testcase classname="tests.test_physics.TestAngleConversions" name="test_degrees_to_radians[270-4.71238898038469]" time="0.001" /><testcase classname="tests.test_physics.TestAngleConversions" name="test_degrees_to_radians[360-6.283185307179586]" time="0.001" /><testcase classname="tests.test_physics.TestAngleConversions" name="test_degrees_to_radians[-90--1.5707963267948966]" time="0.000" /><testcase classname="tests.test_physics.TestAngleConversions" name="test_degrees_to_radians[45-0.7853981633974483]" time="0.001" /><testcase classname="tests.test_physics.TestAngleConversions" name="test_radians_to_degrees[0.0-0]" time="0.000" /><testcase classname="tests.test_physics.TestAngleConversions" name="test_radians_to_degrees[1.5707963267948966-90]" time="0.000" /><testcase classname="tests.test_physics.TestAngleConversions" name="test_radians_to_degrees[3.141592653589793-180]" time="0.001" /><testcase classname="tests.test_physics.TestAngleConversions" name="test_radians_to_degrees[4.71238898038469-270]" time="0.001" /><testcase classname="tests.test_physics.TestAngleConversions" name="test_radians_to_degrees[6.283185307179586-360]" time="0.001" /><testcase classname="tests.test_physics.TestAngleConversions" name="test_radians_to_degrees[-1.5707963267948966--90]" time="0.001" /><testcase classname="tests.test_physics.TestAngleConversions" name="test_round_trip_deg_rad_deg[0]" time="0.001" /><testcase classname="tests.test_physics.TestAngleConversions" name="test_round_trip_deg_rad_deg[30]" time="0.001" /><testcase classname="tests.test_physics.TestAngleConversions" name="test_round_trip_deg_rad_deg[45]" time="0.001" /><testcase classname="tests.test_physics.TestAngleConversions" name="test_round_trip_deg_rad_deg[90]" time="0.001" /><testcase classname="tests.test_physics.TestAngleConversions" name="test_round_trip_deg_rad_deg[135]" time="0.001" /><testcase classname="tests.test_physics.TestAngleConversions" name="test_round_trip_deg_rad_deg[180]" time="0.001" /><testcase classname="tests.test_physics.TestAngleConversions" name="test_round_trip_deg_rad_deg[270]" time="0.001" /><testcase classname="tests.test_physics.TestAngleConversions" name="test_round_trip_deg_rad_deg[360]" time="0.000" /><testcase classname="tests.test_physics.TestAngleConversions" name="test_round_trip_deg_rad_deg[-45]" time="0.000" /><testcase classname="tests.test_physics.TestAngleConversions" name="test_round_trip_deg_rad_deg[-180]" time="0.001" /><testcase classname="tests.test_physics.TestDirectionVectors" name="test_up_at_zero_is_screen_up" time="0.000" /><testcase classname="tests.test_physics.TestDirectionVectors" name="test_right_at_zero_is_screen_right" time="0.000" /><testcase classname="tests.test_physics.TestDirectionVectors" name="test_up_is_unit_vector[0]" time="0.001" /><testcase classname="tests.test_physics.TestDirectionVectors" name="test_up_is_unit_vector[45]" time="0.001" /><testcase classname="tests.test_physics.TestDirectionVectors" name="test_up_is_unit_vector[90]" time="0.001" /><testcase classname="tests.test_physics.TestDirectionVectors" name="test_up_is_unit_vector[135]" time="0.001" /><testcase classname="tests.test_physics.TestDirectionVectors" name="test_up_is_unit_vector[180]" time="0.001" /><testcase classname="tests.test_physics.TestDirectionVectors" name="test_up_is_unit_vector[225]" time="0.000" /><testcase classname="tests.test_physics.TestDirectionVectors" name="test_up_is_unit_vector[270]" time="0.001" /><testcase classname="tests.test_physics.TestDirectionVectors" name="test_up_is_unit_vector[315]" time="0.001" /><testcase classname="tests.test_physics.TestDirectionVectors" name="test_right_is_unit_vector[0]" time="0.001" /><testcase classname="tests.test_physics.TestDirectionVectors" name="test_right_is_unit_vector[45]" time="0.001" /><testcase classname="tests.test_physics.TestDirectionVectors" name="test_right_is_unit_vector[90]" time="0.001" /><testcase classname="tests.test_physics.TestDirectionVectors" name="test_right_is_unit_vector[135]" time="0.000" /><testcase classname="tests.test_physics.TestDirectionVectors" name="test_right_is_unit_vector[180]" time="0.001" /><testcase classname="tests.test_physics.TestDirectionVectors" name="test_right_is_unit_vector[225]" time="0.000" /><testcase classname="tests.test_physics.TestDirectionVectors" name="test_right_is_unit_vector[270]" time="0.000" /><testcase classname="tests.test_physics.TestDirectionVectors" name="test_right_is_unit_vector[315]" time="0.000" /><testcase classname="tests.test_physics.TestDirectionVectors" name="test_up_perpendicular_to_right[0]" time="0.000" /><testcase classname="tests.test_physics.TestDirectionVectors" name="test_up_perpendicular_to_right[30]" time="0.001" /><testcase classname="tests.test_physics.TestDirectionVectors" name="test_up_perpendicular_to_right[45]" time="0.001" /><testcase classname="tests.test_physics.TestDirectionVectors" name="test_up_perpendicular_to_right[60]" time="0.000" /><testcase classname="tests.test_physics.TestDirectionVectors" name="test_up_perpendicular_to_right[90]" time="0.001" /><testcase classname="tests.test_physics.TestDirectionVectors" name="test_up_perpendicular_to_right[120]" time="0.001" /><testcase classname="tests.test_physics.TestDirectionVectors" name="test_up_perpendicular_to_right[180]" time="0.001" /><testcase classname="tests.test_physics.TestDirectionVectors" name="test_up_perpendicular_to_right[270]" time="0.000" /><testcase classname="tests.test_physics.TestDirectionVectors" name="test_up_at_90_degrees" time="0.000" /><testcase classname="tests.test_physics.TestDirectionVectors" name="test_right_at_90_degrees" time="0.000" /><testcase classname="tests.test_physics.TestDirectionVectors" name="test_up_at_180_degrees" time="0.000" /><testcase classname="tests.test_physics.TestDirectionSetters" name="test_set_up_then_get_up_round_trip[0--1]" time="0.001" /><testcase classname="tests.test_physics.TestDirectionSetters" name="test_set_up_then_get_up_round_trip[1-0]" time="0.000" /><testcase classname="tests.test_physics.TestDirectionSetters" name="test_set_up_then_get_up_round_trip[0-1]" time="0.001" /><testcase classname="tests.test_physics.TestDirectionSetters" name="test_set_up_then_get_up_round_trip[-1-0]" time="0.001" /><testcase classname="tests.test_physics.TestDirectionSetters" name="test_set_up_then_get_up_round_trip[1--1]" time="0.001" /><testcase classname="tests.test_physics.TestDirectionSetters" name="test_set_up_then_get_up_round_trip[-1--1]" time="0.001" /><testcase classname="tests.test_physics.TestDirectionSetters" name="test_set_up_then_get_up_round_trip[3-4]" time="0.001" /><testcase classname="tests.test_physics.TestDirectionSetters" name="test_set_right_then_get_right_round_trip[1-0]" time="0.001" /><testcase classname="tests.test_physics.TestDirectionSetters" name="test_set_right_then_get_right_round_trip[0-1]" time="0.001" /><testcase classname="tests.test_physics.TestDirectionSetters" name="test_set_right_then_get_right_round_trip[-1-0]" time="0.001" /><testcase classname="tests.test_physics.TestDirectionSetters" name="test_set_right_then_get_right_round_trip[0--1]" time="0.001" /><testcase classname="tests.test_physics.TestDirectionSetters" name="test_set_right_then_get_right_round_trip[1-1]" time="0.001" /><testcase classname="tests.test_physics.TestDirectionSetters" name="test_set_up_and_set_right_produce_consistent_angles" time="0.000" /><testcase classname="tests.test_physics.TestVector2Utilities" name="test_distance[0-0-3-4-5.0]" time="0.001" /><testcase classname="tests.test_physics.TestVector2Utilities" name="test_distance[0-0-0-0-0.0]" time="0.001" /><testcase classname="tests.test_physics.TestVector2Utilities" name="test_distance[1-1-1-1-0.0]" time="0.001" /><testcase classname="tests.test_physics.TestVector2Utilities" name="test_distance[0-0-1-0-1.0]" time="0.001" /><testcase classname="tests.test_physics.TestVector2Utilities" name="test_distance[0-0-0-1-1.0]" time="0.001" /><testcase classname="tests.test_physics.TestVector2Utilities" name="test_distance[-3--4-0-0-5.0]" time="0.001" /><testcase classname="tests.test_physics.TestVector2Utilities" name="test_distance[1.5-2.5-4.5-6.5-5.0]" time="0.001" /><testcase classname="tests.test_physics.TestVector2Utilities" name="test_distance_is_commutative" time="0.000" /><testcase classname="tests.test_physics.TestVector2Utilities" name="test_dot_product[1-0-0-1-0.0]" time="0.001" /><testcase classname="tests.test_physics.TestVector2Utilities" name="test_dot_product[1-0-1-0-1.0]" time="0.001" /><testcase classname="tests.test_physics.TestVector2Utilities" name="test_dot_product[1-0--1-0--1.0]" time="0.001" /><testcase classname="tests.test_physics.TestVector2Utilities" name="test_dot_product[3-4-3-4-25.0]" time="0.001" /><testcase classname="tests.test_physics.TestVector2Utilities" name="test_dot_product[0-0-5-5-0.0]" time="0.001" /><testcase classname="tests.test_physics.TestVector2Utilities" name="test_dot_product[2-3-4-5-23.0]" time="0.001" /><testcase classname="tests.test_physics.TestVector2Utilities" name="test_dot_is_commutative" time="0.001" /><testcase classname="tests.test_physics.TestVector2Utilities" name="test_perpendicular_vectors_dot_zero" time="0.001" /><testcase classname="tests.test_physics.TestFixturePropertyMappings" name="test_body_type_mapping_covers_all_types" time="0.001" /><testcase classname="tests.test_physics.TestFixturePropertyMappings" name="test_body_type_string_maps_to_b2_type[static]" time="0.000" /><testcase classname="tests.test_physics.TestFixturePropertyMappings" name="test_body_type_string_maps_to_b2_type[kinematic]" time="0.000" /><testcase classname="tests.test_physics.TestFixturePropertyMappings" name="test_body_type_string_maps_to_b2_type[dynamic]" time="0.000" /><testcase classname="tests.test_physics.TestFixturePropertyMappings" name="test_box_collider_half_extents" time="0.000" /><testcase classname="tests.test_physics.TestFixturePropertyMappings" name="test_init_angle_conversion" time="0.000" /><testcase classname="tests.test_physics.TestFixturePropertyMappings" name="test_player_template_physics_properties" time="0.000" /><testcase classname="tests.test_physics.TestFixturePropertyMappings" name="test_kinematic_bodies_in_templates" time="0.000" /><testcase classname="tests.test_physics.TestGameplayPhysics" name="test_bouncy_box_preserves_horizontal_velocity" time="0.000" /><testcase classname="tests.test_physics.TestGameplayPhysics" name="test_bounce_velocity_is_upward" time="0.000" /><testcase classname="tests.test_physics.TestGameplayPhysics" name="test_tile_grid_spawn_positions" time="0.000" /><testcase classname="tests.test_physics.TestGameplayPhysics" name="test_player_spawn_location_from_stage" time="0.000" /><testcase classname="tests.test_physics.TestGameplayPhysics" name="test_tile_code_coverage" time="0.000" /><testcase classname="tests.test_physics.TestGameplayPhysics" name="test_keyboard_controls_force_application" time="0.001" /><testcase classname="tests.test_physics.TestGameplayPhysics" name="test_raycast_ground_check_direction" time="0.001" /></testsuite></testsuites>